{
  "stats": {
    "suites": 0,
    "tests": 3,
    "passes": 3,
    "pending": 0,
    "failures": 0,
    "start": "2022-04-10T16:12:30.041Z",
    "end": "2022-04-10T16:12:40.814Z",
    "duration": 10773,
    "testsRegistered": 3,
    "passPercent": 100,
    "pendingPercent": 0,
    "other": 0,
    "hasOther": false,
    "skipped": 0,
    "hasSkipped": false
  },
  "results": [
    {
      "uuid": "50ff0361-5001-44f5-b309-b55066b487dd",
      "title": "",
      "fullFile": "cypress/integration/login_Test.spec.js",
      "file": "cypress/integration/login_Test.spec.js",
      "beforeHooks": [],
      "afterHooks": [],
      "tests": [
        {
          "title": "login test",
          "fullTitle": "login test",
          "timedOut": null,
          "duration": 8294,
          "state": "passed",
          "speed": "medium",
          "pass": true,
          "fail": false,
          "pending": false,
          "context": null,
          "code": "const email = \"test@test.com\";\nconst password = \"Applephone##12\";\ncy.visit('https://login.sentryc.com/auth/login');\ncy.get(':nth-child(1) > .base-borders > .jss4 > .jss21').type(email);\ncy.get(':nth-child(2) > .base-borders').type(password);\ncy.get('form > .jss1').click(); // cy.should('.notification-info','error')",
          "err": {},
          "uuid": "b3b1c36a-7a78-44ce-a887-24fe5148861c",
          "parentUUID": "50ff0361-5001-44f5-b309-b55066b487dd",
          "isHook": false,
          "skipped": false
        },
        {
          "title": "forget password",
          "fullTitle": "forget password",
          "timedOut": null,
          "duration": 1772,
          "state": "passed",
          "speed": "fast",
          "pass": true,
          "fail": false,
          "pending": false,
          "context": null,
          "code": "cy.visit('https://login.sentryc.com/auth/login');\ncy.get('.custom-container > :nth-child(5)').click();\ncy.visit('https://login.sentryc.com/auth/forgot-password');\ncy.get('.base-borders').type('test@test.com');\ncy.get('form > .jss1').click();",
          "err": {},
          "uuid": "85eb8046-99e8-4834-b271-d064ee37e4d3",
          "parentUUID": "50ff0361-5001-44f5-b309-b55066b487dd",
          "isHook": false,
          "skipped": false
        },
        {
          "title": "tern & condition",
          "fullTitle": "tern & condition",
          "timedOut": null,
          "duration": 586,
          "state": "passed",
          "speed": "fast",
          "pass": true,
          "fail": false,
          "pending": false,
          "context": null,
          "code": "cy.get(':nth-child(5) > .base-text__textAlign-center').click();\ncy.visit('https://login.sentryc.com/terms');",
          "err": {},
          "uuid": "d441e402-d3bd-49ca-99bc-d36fa7cfc2d5",
          "parentUUID": "50ff0361-5001-44f5-b309-b55066b487dd",
          "isHook": false,
          "skipped": false
        }
      ],
      "suites": [],
      "passes": [
        "b3b1c36a-7a78-44ce-a887-24fe5148861c",
        "85eb8046-99e8-4834-b271-d064ee37e4d3",
        "d441e402-d3bd-49ca-99bc-d36fa7cfc2d5"
      ],
      "failures": [],
      "pending": [],
      "skipped": [],
      "duration": 10652,
      "root": true,
      "rootEmpty": false,
      "_timeout": 2000
    }
  ],
  "meta": {
    "mocha": {
      "version": "7.0.1"
    },
    "mochawesome": {
      "options": {
        "quiet": false,
        "reportFilename": "report",
        "saveHtml": true,
        "saveJson": true,
        "consoleReporter": "spec",
        "useInlineDiffs": false,
        "code": true
      },
      "version": "7.1.3"
    },
    "marge": {
      "options": {
        "reportDir": "cypress/reports",
        "reportFilename": "report",
        "overwrite": false,
        "html": true,
        "json": true,
        "charts": true
      },
      "version": "6.2.0"
    }
  }
}